This file contains any messages produced by compilers while
running configure, to aid debugging if configure makes a mistake.

It was created by libedit configure 3.0, which was
generated by GNU Autoconf 2.69.  Invocation command line was

  $ ./configure --disable-dependency-tracking

## --------- ##
## Platform. ##
## --------- ##

hostname = Sheenas-Air.home
uname -m = x86_64
uname -r = 14.0.0
uname -s = Darwin
uname -v = Darwin Kernel Version 14.0.0: Fri Sep 19 00:26:44 PDT 2014; root:xnu-2782.1.97~2/RELEASE_X86_64

/usr/bin/uname -p = i386
/bin/uname -X     = unknown

/bin/arch              = unknown
/usr/bin/arch -k       = unknown
/usr/convex/getsysinfo = unknown
/usr/bin/hostinfo      = Mach kernel version:
	 Darwin Kernel Version 14.0.0: Fri Sep 19 00:26:44 PDT 2014; root:xnu-2782.1.97~2/RELEASE_X86_64
Kernel configured for up to 4 processors.
2 processors are physically available.
4 processors are logically available.
Processor type: x86_64h (Intel x86-64h Haswell)
Processors active: 0 1 2 3
Primary memory available: 4.00 gigabytes
Default processor set: 188 tasks, 926 threads, 4 processors
Load average: 3.22, Mach factor: 1.00
/bin/machine           = unknown
/usr/bin/oslevel       = unknown
/bin/universe          = unknown

PATH: /usr/local/narwhal/bin
PATH: /opt/local/bin
PATH: /opt/local/sbin
PATH: /Users/sheena/Source/mockingbird/mockingbird/node/node_modules/uglify-js/bin
PATH: /usr/local/narwhal/bin
PATH: /Applications/Postgres.app/Contents/MacOS/bin
PATH: /usr/local/sbin
PATH: /opt/local/bin
PATH: /opt/local/sbin
PATH: /usr/local/bin
PATH: /usr/local/share/python
PATH: /Users/sheena/local/bin
PATH: /usr/local/bin
PATH: /usr/local/Cellar
PATH: /usr/local/git/bin
PATH: /usr/local/bin
PATH: /usr/bin
PATH: /bin
PATH: /usr/sbin
PATH: /sbin
PATH: /usr/local/Cellar
PATH: /Users/sheena/bin
PATH: /usr/local/go/bin
PATH: /usr/local/Cellar/go/1.2/bin/
PATH: /bin
PATH: /Applications/Postgres.app/Contents/Versions/9.3/bin


## ----------- ##
## Core tests. ##
## ----------- ##

configure:2317: checking for gcc
configure:2333: found /usr/bin/gcc
configure:2344: result: gcc
configure:2573: checking for C compiler version
configure:2582: gcc --version >&5
Apple LLVM version 6.0 (clang-600.0.54) (based on LLVM 3.5svn)
Target: x86_64-apple-darwin14.0.0
Thread model: posix
Configured with: --prefix=/Applications/Xcode.app/Contents/Developer/usr --with-gxx-include-dir=/usr/include/c++/4.2.1
configure:2593: $? = 0
configure:2582: gcc -v >&5
Configured with: --prefix=/Applications/Xcode.app/Contents/Developer/usr --with-gxx-include-dir=/usr/include/c++/4.2.1
Apple LLVM version 6.0 (clang-600.0.54) (based on LLVM 3.5svn)
Target: x86_64-apple-darwin14.0.0
Thread model: posix
configure:2593: $? = 0
configure:2582: gcc -V >&5
clang: error: argument to '-V' is missing (expected 1 value)
clang: error: no input files
configure:2593: $? = 1
configure:2582: gcc -qversion >&5
clang: error: unknown argument: '-qversion'
clang: error: no input files
configure:2593: $? = 1
configure:2613: checking whether the C compiler works
configure:2635: gcc -force_cpusubtype_ALL -mmacosx-version-min=10.4 -arch i386 -Os -force_cpusubtype_ALL -mmacosx-version-min=10.4 -arch i386 -force_cpusubtype_ALL -mmacosx-version-min=10.4 -arch i386 conftest.c  >&5
configure:2639: $? = 0
configure:2687: result: yes
configure:2690: checking for C compiler default output file name
configure:2692: result: a.out
configure:2698: checking for suffix of executables
configure:2705: gcc -o conftest -force_cpusubtype_ALL -mmacosx-version-min=10.4 -arch i386 -Os -force_cpusubtype_ALL -mmacosx-version-min=10.4 -arch i386 -force_cpusubtype_ALL -mmacosx-version-min=10.4 -arch i386 conftest.c  >&5
configure:2709: $? = 0
configure:2731: result: 
configure:2753: checking whether we are cross compiling
configure:2761: gcc -o conftest -force_cpusubtype_ALL -mmacosx-version-min=10.4 -arch i386 -Os -force_cpusubtype_ALL -mmacosx-version-min=10.4 -arch i386 -force_cpusubtype_ALL -mmacosx-version-min=10.4 -arch i386 conftest.c  >&5
configure:2765: $? = 0
configure:2772: ./conftest
configure:2776: $? = 0
configure:2791: result: no
configure:2796: checking for suffix of object files
configure:2818: gcc -c -force_cpusubtype_ALL -mmacosx-version-min=10.4 -arch i386 -Os -force_cpusubtype_ALL -mmacosx-version-min=10.4 -arch i386 conftest.c >&5
configure:2822: $? = 0
configure:2843: result: o
configure:2847: checking whether we are using the GNU C compiler
configure:2866: gcc -c -force_cpusubtype_ALL -mmacosx-version-min=10.4 -arch i386 -Os -force_cpusubtype_ALL -mmacosx-version-min=10.4 -arch i386 conftest.c >&5
configure:2866: $? = 0
configure:2875: result: yes
configure:2884: checking whether gcc accepts -g
configure:2904: gcc -c -g -Os -force_cpusubtype_ALL -mmacosx-version-min=10.4 -arch i386 conftest.c >&5
configure:2904: $? = 0
configure:2945: result: yes
configure:2962: checking for gcc option to accept ISO C89
configure:3025: gcc  -c -force_cpusubtype_ALL -mmacosx-version-min=10.4 -arch i386 -Os -force_cpusubtype_ALL -mmacosx-version-min=10.4 -arch i386 conftest.c >&5
configure:3025: $? = 0
configure:3038: result: none needed
configure:3063: checking whether gcc understands -c and -o together
configure:3085: gcc -c conftest.c -o conftest2.o
configure:3088: $? = 0
configure:3085: gcc -c conftest.c -o conftest2.o
configure:3088: $? = 0
configure:3100: result: yes
configure:3123: checking how to run the C preprocessor
configure:3154: gcc -E -Os -force_cpusubtype_ALL -mmacosx-version-min=10.4 -arch i386 conftest.c
clang: warning: argument unused during compilation: '-force_cpusubtype_ALL'
configure:3154: $? = 0
configure:3168: gcc -E -Os -force_cpusubtype_ALL -mmacosx-version-min=10.4 -arch i386 conftest.c
clang: warning: argument unused during compilation: '-force_cpusubtype_ALL'
conftest.c:9:10: fatal error: 'ac_nonexistent.h' file not found
#include <ac_nonexistent.h>
         ^
1 error generated.
configure:3168: $? = 1
configure: failed program was:
| /* confdefs.h */
| #define PACKAGE_NAME "libedit"
| #define PACKAGE_TARNAME "libedit-20140509"
| #define PACKAGE_VERSION "3.0"
| #define PACKAGE_STRING "libedit 3.0"
| #define PACKAGE_BUGREPORT ""
| #define PACKAGE_URL ""
| /* end confdefs.h.  */
| #include <ac_nonexistent.h>
configure:3193: result: gcc -E
configure:3213: gcc -E -Os -force_cpusubtype_ALL -mmacosx-version-min=10.4 -arch i386 conftest.c
clang: warning: argument unused during compilation: '-force_cpusubtype_ALL'
configure:3213: $? = 0
configure:3227: gcc -E -Os -force_cpusubtype_ALL -mmacosx-version-min=10.4 -arch i386 conftest.c
clang: warning: argument unused during compilation: '-force_cpusubtype_ALL'
conftest.c:9:10: fatal error: 'ac_nonexistent.h' file not found
#include <ac_nonexistent.h>
         ^
1 error generated.
configure:3227: $? = 1
configure: failed program was:
| /* confdefs.h */
| #define PACKAGE_NAME "libedit"
| #define PACKAGE_TARNAME "libedit-20140509"
| #define PACKAGE_VERSION "3.0"
| #define PACKAGE_STRING "libedit 3.0"
| #define PACKAGE_BUGREPORT ""
| #define PACKAGE_URL ""
| /* end confdefs.h.  */
| #include <ac_nonexistent.h>
configure:3256: checking for grep that handles long lines and -e
configure:3314: result: /usr/bin/grep
configure:3319: checking for egrep
configure:3381: result: /usr/bin/grep -E
configure:3386: checking for ANSI C header files
configure:3406: gcc -c -force_cpusubtype_ALL -mmacosx-version-min=10.4 -arch i386 -Os -force_cpusubtype_ALL -mmacosx-version-min=10.4 -arch i386 conftest.c >&5
configure:3406: $? = 0
clang: warning: argument unused during compilation: '-force_cpusubtype_ALL'
clang: warning: argument unused during compilation: '-force_cpusubtype_ALL'
configure:3479: gcc -o conftest -force_cpusubtype_ALL -mmacosx-version-min=10.4 -arch i386 -Os -force_cpusubtype_ALL -mmacosx-version-min=10.4 -arch i386 -force_cpusubtype_ALL -mmacosx-version-min=10.4 -arch i386 conftest.c  >&5
configure:3479: $? = 0
configure:3479: ./conftest
configure:3479: $? = 0
configure:3490: result: yes
configure:3503: checking for sys/types.h
configure:3503: gcc -c -force_cpusubtype_ALL -mmacosx-version-min=10.4 -arch i386 -Os -force_cpusubtype_ALL -mmacosx-version-min=10.4 -arch i386 conftest.c >&5
configure:3503: $? = 0
configure:3503: result: yes
configure:3503: checking for sys/stat.h
configure:3503: gcc -c -force_cpusubtype_ALL -mmacosx-version-min=10.4 -arch i386 -Os -force_cpusubtype_ALL -mmacosx-version-min=10.4 -arch i386 conftest.c >&5
configure:3503: $? = 0
configure:3503: result: yes
configure:3503: checking for stdlib.h
configure:3503: gcc -c -force_cpusubtype_ALL -mmacosx-version-min=10.4 -arch i386 -Os -force_cpusubtype_ALL -mmacosx-version-min=10.4 -arch i386 conftest.c >&5
configure:3503: $? = 0
configure:3503: result: yes
configure:3503: checking for string.h
configure:3503: gcc -c -force_cpusubtype_ALL -mmacosx-version-min=10.4 -arch i386 -Os -force_cpusubtype_ALL -mmacosx-version-min=10.4 -arch i386 conftest.c >&5
configure:3503: $? = 0
configure:3503: result: yes
configure:3503: checking for memory.h
configure:3503: gcc -c -force_cpusubtype_ALL -mmacosx-version-min=10.4 -arch i386 -Os -force_cpusubtype_ALL -mmacosx-version-min=10.4 -arch i386 conftest.c >&5
configure:3503: $? = 0
configure:3503: result: yes
configure:3503: checking for strings.h
configure:3503: gcc -c -force_cpusubtype_ALL -mmacosx-version-min=10.4 -arch i386 -Os -force_cpusubtype_ALL -mmacosx-version-min=10.4 -arch i386 conftest.c >&5
configure:3503: $? = 0
configure:3503: result: yes
configure:3503: checking for inttypes.h
configure:3503: gcc -c -force_cpusubtype_ALL -mmacosx-version-min=10.4 -arch i386 -Os -force_cpusubtype_ALL -mmacosx-version-min=10.4 -arch i386 conftest.c >&5
configure:3503: $? = 0
configure:3503: result: yes
configure:3503: checking for stdint.h
configure:3503: gcc -c -force_cpusubtype_ALL -mmacosx-version-min=10.4 -arch i386 -Os -force_cpusubtype_ALL -mmacosx-version-min=10.4 -arch i386 conftest.c >&5
configure:3503: $? = 0
configure:3503: result: yes
configure:3503: checking for unistd.h
configure:3503: gcc -c -force_cpusubtype_ALL -mmacosx-version-min=10.4 -arch i386 -Os -force_cpusubtype_ALL -mmacosx-version-min=10.4 -arch i386 conftest.c >&5
configure:3503: $? = 0
configure:3503: result: yes
configure:3516: checking minix/config.h usability
configure:3516: gcc -c -force_cpusubtype_ALL -mmacosx-version-min=10.4 -arch i386 -Os -force_cpusubtype_ALL -mmacosx-version-min=10.4 -arch i386 conftest.c >&5
conftest.c:52:10: fatal error: 'minix/config.h' file not found
#include <minix/config.h>
         ^
1 error generated.
configure:3516: $? = 1
configure: failed program was:
| /* confdefs.h */
| #define PACKAGE_NAME "libedit"
| #define PACKAGE_TARNAME "libedit-20140509"
| #define PACKAGE_VERSION "3.0"
| #define PACKAGE_STRING "libedit 3.0"
| #define PACKAGE_BUGREPORT ""
| #define PACKAGE_URL ""
| #define STDC_HEADERS 1
| #define HAVE_SYS_TYPES_H 1
| #define HAVE_SYS_STAT_H 1
| #define HAVE_STDLIB_H 1
| #define HAVE_STRING_H 1
| #define HAVE_MEMORY_H 1
| #define HAVE_STRINGS_H 1
| #define HAVE_INTTYPES_H 1
| #define HAVE_STDINT_H 1
| #define HAVE_UNISTD_H 1
| /* end confdefs.h.  */
| #include <stdio.h>
| #ifdef HAVE_SYS_TYPES_H
| # include <sys/types.h>
| #endif
| #ifdef HAVE_SYS_STAT_H
| # include <sys/stat.h>
| #endif
| #ifdef STDC_HEADERS
| # include <stdlib.h>
| # include <stddef.h>
| #else
| # ifdef HAVE_STDLIB_H
| #  include <stdlib.h>
| # endif
| #endif
| #ifdef HAVE_STRING_H
| # if !defined STDC_HEADERS && defined HAVE_MEMORY_H
| #  include <memory.h>
| # endif
| # include <string.h>
| #endif
| #ifdef HAVE_STRINGS_H
| # include <strings.h>
| #endif
| #ifdef HAVE_INTTYPES_H
| # include <inttypes.h>
| #endif
| #ifdef HAVE_STDINT_H
| # include <stdint.h>
| #endif
| #ifdef HAVE_UNISTD_H
| # include <unistd.h>
| #endif
| #include <minix/config.h>
configure:3516: result: no
configure:3516: checking minix/config.h presence
configure:3516: gcc -E -Os -force_cpusubtype_ALL -mmacosx-version-min=10.4 -arch i386 conftest.c
clang: warning: argument unused during compilation: '-force_cpusubtype_ALL'
conftest.c:19:10: fatal error: 'minix/config.h' file not found
#include <minix/config.h>
         ^
1 error generated.
configure:3516: $? = 1
configure: failed program was:
| /* confdefs.h */
| #define PACKAGE_NAME "libedit"
| #define PACKAGE_TARNAME "libedit-20140509"
| #define PACKAGE_VERSION "3.0"
| #define PACKAGE_STRING "libedit 3.0"
| #define PACKAGE_BUGREPORT ""
| #define PACKAGE_URL ""
| #define STDC_HEADERS 1
| #define HAVE_SYS_TYPES_H 1
| #define HAVE_SYS_STAT_H 1
| #define HAVE_STDLIB_H 1
| #define HAVE_STRING_H 1
| #define HAVE_MEMORY_H 1
| #define HAVE_STRINGS_H 1
| #define HAVE_INTTYPES_H 1
| #define HAVE_STDINT_H 1
| #define HAVE_UNISTD_H 1
| /* end confdefs.h.  */
| #include <minix/config.h>
configure:3516: result: no
configure:3516: checking for minix/config.h
configure:3516: result: no
configure:3537: checking whether it is safe to define __EXTENSIONS__
configure:3555: gcc -c -force_cpusubtype_ALL -mmacosx-version-min=10.4 -arch i386 -Os -force_cpusubtype_ALL -mmacosx-version-min=10.4 -arch i386 conftest.c >&5
configure:3555: $? = 0
configure:3562: result: yes
configure:3622: checking for a BSD-compatible install
configure:3690: result: /usr/bin/install -c
configure:3701: checking whether build environment is sane
configure:3756: result: yes
configure:3791: WARNING: 'missing' script is too old or missing
configure:3904: checking for a thread-safe mkdir -p
configure:3943: result: ./install-sh -c -d
configure:3950: checking for gawk
configure:3980: result: no
configure:3950: checking for mawk
configure:3980: result: no
configure:3950: checking for nawk
configure:3980: result: no
configure:3950: checking for awk
configure:3966: found /usr/bin/awk
configure:3977: result: awk
configure:3988: checking whether make sets $(MAKE)
configure:4010: result: yes
configure:4040: checking for style of include used by make
configure:4068: result: GNU
configure:4102: checking whether make supports nested variables
configure:4119: result: yes
configure:4204: checking dependency style of gcc
configure:4315: result: none
configure:4401: checking build system type
configure:4415: result: x86_64-apple-darwin14.0.0
configure:4435: checking host system type
configure:4448: result: x86_64-apple-darwin14.0.0
configure:4489: checking how to print strings
configure:4516: result: printf
configure:4537: checking for a sed that does not truncate output
configure:4601: result: /usr/bin/sed
configure:4619: checking for fgrep
configure:4681: result: /usr/bin/grep -F
configure:4716: checking for ld used by gcc
configure:4783: result: /Applications/Xcode.app/Contents/Developer/Toolchains/XcodeDefault.xctoolchain/usr/bin/ld
configure:4790: checking if the linker (/Applications/Xcode.app/Contents/Developer/Toolchains/XcodeDefault.xctoolchain/usr/bin/ld) is GNU ld
configure:4805: result: no
configure:4817: checking for BSD- or MS-compatible name lister (nm)
configure:4866: result: /usr/bin/nm
configure:4996: checking the name lister (/usr/bin/nm) interface
configure:5003: gcc -c -force_cpusubtype_ALL -mmacosx-version-min=10.4 -arch i386 -Os -force_cpusubtype_ALL -mmacosx-version-min=10.4 -arch i386 conftest.c >&5
configure:5006: /usr/bin/nm "conftest.o"
configure:5009: output
00000000 S _some_variable
configure:5016: result: BSD nm
configure:5019: checking whether ln -s works
configure:5023: result: yes
configure:5031: checking the maximum length of command line arguments
configure:5161: result: 196608
configure:5178: checking whether the shell understands some XSI constructs
configure:5188: result: yes
configure:5192: checking whether the shell understands "+="
configure:5198: result: yes
configure:5233: checking how to convert x86_64-apple-darwin14.0.0 file names to x86_64-apple-darwin14.0.0 format
configure:5273: result: func_convert_file_noop
configure:5280: checking how to convert x86_64-apple-darwin14.0.0 file names to toolchain format
configure:5300: result: func_convert_file_noop
configure:5307: checking for /Applications/Xcode.app/Contents/Developer/Toolchains/XcodeDefault.xctoolchain/usr/bin/ld option to reload object files
configure:5314: result: -r
configure:5388: checking for objdump
configure:5418: result: no
configure:5447: checking how to recognize dependent libraries
configure:5649: result: pass_all
configure:5734: checking for dlltool
configure:5764: result: no
configure:5794: checking how to associate runtime and link libraries
configure:5821: result: printf %s\n
configure:5881: checking for ar
configure:5897: found /usr/bin/ar
configure:5908: result: ar
configure:5945: checking for archiver @FILE support
configure:5962: gcc -c -force_cpusubtype_ALL -mmacosx-version-min=10.4 -arch i386 -Os -force_cpusubtype_ALL -mmacosx-version-min=10.4 -arch i386 conftest.c >&5
configure:5962: $? = 0
configure:5965: ar cru libconftest.a @conftest.lst >&5
ar: @conftest.lst: No such file or directory
configure:5968: $? = 1
configure:5988: result: no
configure:6046: checking for strip
configure:6062: found /usr/bin/strip
configure:6073: result: strip
configure:6145: checking for ranlib
configure:6161: found /usr/bin/ranlib
configure:6172: result: ranlib
configure:6274: checking command to parse /usr/bin/nm output from gcc object
configure:6394: gcc -c -force_cpusubtype_ALL -mmacosx-version-min=10.4 -arch i386 -Os -force_cpusubtype_ALL -mmacosx-version-min=10.4 -arch i386 conftest.c >&5
configure:6397: $? = 0
configure:6401: /usr/bin/nm conftest.o \| sed -n -e 's/^.*[ ]\([BCDEGRST][BCDEGRST]*\)[ ][ ]*\([_A-Za-z][_A-Za-z0-9]*\)$/\1 \2 \2/p' | sed '/ __gnu_lto/d' \> conftest.nm
configure:6404: $? = 0
cannot find nm_test_var in conftest.nm
configure:6394: gcc -c -force_cpusubtype_ALL -mmacosx-version-min=10.4 -arch i386 -Os -force_cpusubtype_ALL -mmacosx-version-min=10.4 -arch i386 conftest.c >&5
configure:6397: $? = 0
configure:6401: /usr/bin/nm conftest.o \| sed -n -e 's/^.*[ ]\([BCDEGRST][BCDEGRST]*\)[ ][ ]*_\([_A-Za-z][_A-Za-z0-9]*\)$/\1 _\2 \2/p' | sed '/ __gnu_lto/d' \> conftest.nm
configure:6404: $? = 0
configure:6470: gcc -o conftest -force_cpusubtype_ALL -mmacosx-version-min=10.4 -arch i386 -Os -force_cpusubtype_ALL -mmacosx-version-min=10.4 -arch i386 -force_cpusubtype_ALL -mmacosx-version-min=10.4 -arch i386 conftest.c conftstm.o >&5
configure:6473: $? = 0
configure:6511: result: ok
configure:6548: checking for sysroot
configure:6578: result: no
configure:6834: checking for mt
configure:6864: result: no
configure:6884: checking if : is a manifest tool
configure:6890: : '-?'
configure:6898: result: no
configure:6954: checking for dsymutil
configure:6970: found /usr/bin/dsymutil
configure:6981: result: dsymutil
configure:7046: checking for nmedit
configure:7062: found /usr/bin/nmedit
configure:7073: result: nmedit
configure:7138: checking for lipo
configure:7154: found /usr/bin/lipo
configure:7165: result: lipo
configure:7230: checking for otool
configure:7246: found /usr/bin/otool
configure:7257: result: otool
configure:7322: checking for otool64
configure:7352: result: no
configure:7397: checking for -single_module linker flag
gcc -force_cpusubtype_ALL -mmacosx-version-min=10.4 -arch i386 -force_cpusubtype_ALL -mmacosx-version-min=10.4 -arch i386 -o libconftest.dylib -dynamiclib -Wl,-single_module conftest.c
configure:7430: result: yes
configure:7433: checking for -exported_symbols_list linker flag
configure:7453: gcc -o conftest -force_cpusubtype_ALL -mmacosx-version-min=10.4 -arch i386 -Os -force_cpusubtype_ALL -mmacosx-version-min=10.4 -arch i386 -force_cpusubtype_ALL -mmacosx-version-min=10.4 -arch i386 -Wl,-exported_symbols_list,conftest.sym conftest.c  >&5
configure:7453: $? = 0
configure:7463: result: yes
configure:7466: checking for -force_load linker flag
gcc -force_cpusubtype_ALL -mmacosx-version-min=10.4 -arch i386 -c -o conftest.o conftest.c
ar cru libconftest.a conftest.o
ranlib libconftest.a
gcc -force_cpusubtype_ALL -mmacosx-version-min=10.4 -arch i386 -force_cpusubtype_ALL -mmacosx-version-min=10.4 -arch i386 -o conftest conftest.c -Wl,-force_load,./libconftest.a
configure:7498: result: yes
configure:7537: checking for dlfcn.h
configure:7537: gcc -c -force_cpusubtype_ALL -mmacosx-version-min=10.4 -arch i386 -Os -force_cpusubtype_ALL -mmacosx-version-min=10.4 -arch i386 conftest.c >&5
configure:7537: $? = 0
configure:7537: result: yes
configure:7743: checking for objdir
configure:7758: result: .libs
configure:8025: checking if gcc supports -fno-rtti -fno-exceptions
configure:8043: gcc -c -force_cpusubtype_ALL -mmacosx-version-min=10.4 -arch i386 -Os -force_cpusubtype_ALL -mmacosx-version-min=10.4 -arch i386 -fno-rtti -fno-exceptions conftest.c >&5
configure:8047: $? = 0
configure:8060: result: yes
configure:8387: checking for gcc option to produce PIC
configure:8394: result: -fno-common -DPIC
configure:8402: checking if gcc PIC flag -fno-common -DPIC works
configure:8420: gcc -c -force_cpusubtype_ALL -mmacosx-version-min=10.4 -arch i386 -Os -force_cpusubtype_ALL -mmacosx-version-min=10.4 -arch i386 -fno-common -DPIC -DPIC conftest.c >&5
configure:8424: $? = 0
configure:8437: result: yes
configure:8466: checking if gcc static flag -static works
configure:8494: result: no
configure:8509: checking if gcc supports -c -o file.o
configure:8530: gcc -c -force_cpusubtype_ALL -mmacosx-version-min=10.4 -arch i386 -Os -force_cpusubtype_ALL -mmacosx-version-min=10.4 -arch i386 -o out/conftest2.o conftest.c >&5
configure:8534: $? = 0
configure:8556: result: yes
configure:8564: checking if gcc supports -c -o file.o
configure:8611: result: yes
configure:8644: checking whether the gcc linker (/Applications/Xcode.app/Contents/Developer/Toolchains/XcodeDefault.xctoolchain/usr/bin/ld) supports shared libraries
configure:9797: result: yes
configure:10037: checking dynamic linker characteristics
configure:10770: result: darwin14.0.0 dyld
configure:10877: checking how to hardcode library paths into programs
configure:10902: result: immediate
configure:11442: checking whether stripping libraries is possible
configure:11456: result: yes
configure:11482: checking if libtool supports shared libraries
configure:11484: result: yes
configure:11487: checking whether to build shared libraries
configure:11508: result: yes
configure:11511: checking whether to build static libraries
configure:11515: result: yes
configure:11568: checking whether make supports nested variables
configure:11585: result: yes
configure:11598: checking for gcc option to accept ISO C99
configure:11747: gcc  -c -force_cpusubtype_ALL -mmacosx-version-min=10.4 -arch i386 -Os -force_cpusubtype_ALL -mmacosx-version-min=10.4 -arch i386 conftest.c >&5
configure:11747: $? = 0
configure:11760: result: none needed
configure:11776: checking whether ln -s works
configure:11780: result: yes
configure:11791: checking for gawk
configure:11818: result: awk
configure:11836: checking for nroff
configure:11854: found /usr/bin/nroff
configure:11866: result: /usr/bin/nroff
configure:11885: checking for tgetent in -lcurses
configure:11910: gcc -o conftest -force_cpusubtype_ALL -mmacosx-version-min=10.4 -arch i386 -Os -force_cpusubtype_ALL -mmacosx-version-min=10.4 -arch i386 -force_cpusubtype_ALL -mmacosx-version-min=10.4 -arch i386 conftest.c -lcurses   >&5
configure:11910: $? = 0
configure:11919: result: yes
configure:11982: checking if you want wide-character code
configure:11991: result: no
configure:12009: checking for size_t
configure:12009: gcc -c -force_cpusubtype_ALL -mmacosx-version-min=10.4 -arch i386 -Os -force_cpusubtype_ALL -mmacosx-version-min=10.4 -arch i386 conftest.c >&5
configure:12009: $? = 0
configure:12009: gcc -c -force_cpusubtype_ALL -mmacosx-version-min=10.4 -arch i386 -Os -force_cpusubtype_ALL -mmacosx-version-min=10.4 -arch i386 conftest.c >&5
conftest.c:65:21: error: expected expression
if (sizeof ((size_t)))
                    ^
1 error generated.
configure:12009: $? = 1
configure: failed program was:
| /* confdefs.h */
| #define PACKAGE_NAME "libedit"
| #define PACKAGE_TARNAME "libedit-20140509"
| #define PACKAGE_VERSION "3.0"
| #define PACKAGE_STRING "libedit 3.0"
| #define PACKAGE_BUGREPORT ""
| #define PACKAGE_URL ""
| #define STDC_HEADERS 1
| #define HAVE_SYS_TYPES_H 1
| #define HAVE_SYS_STAT_H 1
| #define HAVE_STDLIB_H 1
| #define HAVE_STRING_H 1
| #define HAVE_MEMORY_H 1
| #define HAVE_STRINGS_H 1
| #define HAVE_INTTYPES_H 1
| #define HAVE_STDINT_H 1
| #define HAVE_UNISTD_H 1
| #define __EXTENSIONS__ 1
| #define _ALL_SOURCE 1
| #define _GNU_SOURCE 1
| #define _POSIX_PTHREAD_SEMANTICS 1
| #define _TANDEM_SOURCE 1
| #define PACKAGE "libedit-20140509"
| #define VERSION "3.0"
| #define HAVE_DLFCN_H 1
| #define LT_OBJDIR ".libs/"
| #define HAVE_LIBCURSES 1
| /* end confdefs.h.  */
| #include <stdio.h>
| #ifdef HAVE_SYS_TYPES_H
| # include <sys/types.h>
| #endif
| #ifdef HAVE_SYS_STAT_H
| # include <sys/stat.h>
| #endif
| #ifdef STDC_HEADERS
| # include <stdlib.h>
| # include <stddef.h>
| #else
| # ifdef HAVE_STDLIB_H
| #  include <stdlib.h>
| # endif
| #endif
| #ifdef HAVE_STRING_H
| # if !defined STDC_HEADERS && defined HAVE_MEMORY_H
| #  include <memory.h>
| # endif
| # include <string.h>
| #endif
| #ifdef HAVE_STRINGS_H
| # include <strings.h>
| #endif
| #ifdef HAVE_INTTYPES_H
| # include <inttypes.h>
| #endif
| #ifdef HAVE_STDINT_H
| # include <stdint.h>
| #endif
| #ifdef HAVE_UNISTD_H
| # include <unistd.h>
| #endif
| int
| main ()
| {
| if (sizeof ((size_t)))
| 	    return 0;
|   ;
|   return 0;
| }
configure:12009: result: yes
configure:12022: checking for working alloca.h
configure:12039: gcc -o conftest -force_cpusubtype_ALL -mmacosx-version-min=10.4 -arch i386 -Os -force_cpusubtype_ALL -mmacosx-version-min=10.4 -arch i386 -force_cpusubtype_ALL -mmacosx-version-min=10.4 -arch i386 conftest.c -lcurses  >&5
configure:12039: $? = 0
configure:12047: result: yes
configure:12055: checking for alloca
configure:12092: gcc -o conftest -force_cpusubtype_ALL -mmacosx-version-min=10.4 -arch i386 -Os -force_cpusubtype_ALL -mmacosx-version-min=10.4 -arch i386 -force_cpusubtype_ALL -mmacosx-version-min=10.4 -arch i386 conftest.c -lcurses  >&5
configure:12092: $? = 0
configure:12100: result: yes
configure:12209: checking for dirent.h that defines DIR
configure:12228: gcc -c -force_cpusubtype_ALL -mmacosx-version-min=10.4 -arch i386 -Os -force_cpusubtype_ALL -mmacosx-version-min=10.4 -arch i386 conftest.c >&5
configure:12228: $? = 0
configure:12236: result: yes
configure:12249: checking for library containing opendir
configure:12280: gcc -o conftest -force_cpusubtype_ALL -mmacosx-version-min=10.4 -arch i386 -Os -force_cpusubtype_ALL -mmacosx-version-min=10.4 -arch i386 -force_cpusubtype_ALL -mmacosx-version-min=10.4 -arch i386 conftest.c -lcurses  >&5
configure:12280: $? = 0
configure:12297: result: none required
configure:12364: checking for ANSI C header files
configure:12468: result: yes
configure:12476: checking for sys/wait.h that is POSIX.1 compatible
configure:12502: gcc -c -force_cpusubtype_ALL -mmacosx-version-min=10.4 -arch i386 -Os -force_cpusubtype_ALL -mmacosx-version-min=10.4 -arch i386 conftest.c >&5
configure:12502: $? = 0
configure:12509: result: yes
configure:12520: checking fcntl.h usability
configure:12520: gcc -c -force_cpusubtype_ALL -mmacosx-version-min=10.4 -arch i386 -Os -force_cpusubtype_ALL -mmacosx-version-min=10.4 -arch i386 conftest.c >&5
configure:12520: $? = 0
configure:12520: result: yes
configure:12520: checking fcntl.h presence
configure:12520: gcc -E -Os -force_cpusubtype_ALL -mmacosx-version-min=10.4 -arch i386 conftest.c
clang: warning: argument unused during compilation: '-force_cpusubtype_ALL'
configure:12520: $? = 0
configure:12520: result: yes
configure:12520: checking for fcntl.h
configure:12520: result: yes
configure:12520: checking limits.h usability
configure:12520: gcc -c -force_cpusubtype_ALL -mmacosx-version-min=10.4 -arch i386 -Os -force_cpusubtype_ALL -mmacosx-version-min=10.4 -arch i386 conftest.c >&5
configure:12520: $? = 0
configure:12520: result: yes
configure:12520: checking limits.h presence
configure:12520: gcc -E -Os -force_cpusubtype_ALL -mmacosx-version-min=10.4 -arch i386 conftest.c
clang: warning: argument unused during compilation: '-force_cpusubtype_ALL'
configure:12520: $? = 0
configure:12520: result: yes
configure:12520: checking for limits.h
configure:12520: result: yes
configure:12520: checking malloc.h usability
configure:12520: gcc -c -force_cpusubtype_ALL -mmacosx-version-min=10.4 -arch i386 -Os -force_cpusubtype_ALL -mmacosx-version-min=10.4 -arch i386 conftest.c >&5
conftest.c:69:10: fatal error: 'malloc.h' file not found
#include <malloc.h>
         ^
1 error generated.
configure:12520: $? = 1
configure: failed program was:
| /* confdefs.h */
| #define PACKAGE_NAME "libedit"
| #define PACKAGE_TARNAME "libedit-20140509"
| #define PACKAGE_VERSION "3.0"
| #define PACKAGE_STRING "libedit 3.0"
| #define PACKAGE_BUGREPORT ""
| #define PACKAGE_URL ""
| #define STDC_HEADERS 1
| #define HAVE_SYS_TYPES_H 1
| #define HAVE_SYS_STAT_H 1
| #define HAVE_STDLIB_H 1
| #define HAVE_STRING_H 1
| #define HAVE_MEMORY_H 1
| #define HAVE_STRINGS_H 1
| #define HAVE_INTTYPES_H 1
| #define HAVE_STDINT_H 1
| #define HAVE_UNISTD_H 1
| #define __EXTENSIONS__ 1
| #define _ALL_SOURCE 1
| #define _GNU_SOURCE 1
| #define _POSIX_PTHREAD_SEMANTICS 1
| #define _TANDEM_SOURCE 1
| #define PACKAGE "libedit-20140509"
| #define VERSION "3.0"
| #define HAVE_DLFCN_H 1
| #define LT_OBJDIR ".libs/"
| #define HAVE_LIBCURSES 1
| #define HAVE_ALLOCA_H 1
| #define HAVE_ALLOCA 1
| #define HAVE_DIRENT_H 1
| #define STDC_HEADERS 1
| #define HAVE_SYS_WAIT_H 1
| #define HAVE_FCNTL_H 1
| #define HAVE_LIMITS_H 1
| /* end confdefs.h.  */
| #include <stdio.h>
| #ifdef HAVE_SYS_TYPES_H
| # include <sys/types.h>
| #endif
| #ifdef HAVE_SYS_STAT_H
| # include <sys/stat.h>
| #endif
| #ifdef STDC_HEADERS
| # include <stdlib.h>
| # include <stddef.h>
| #else
| # ifdef HAVE_STDLIB_H
| #  include <stdlib.h>
| # endif
| #endif
| #ifdef HAVE_STRING_H
| # if !defined STDC_HEADERS && defined HAVE_MEMORY_H
| #  include <memory.h>
| # endif
| # include <string.h>
| #endif
| #ifdef HAVE_STRINGS_H
| # include <strings.h>
| #endif
| #ifdef HAVE_INTTYPES_H
| # include <inttypes.h>
| #endif
| #ifdef HAVE_STDINT_H
| # include <stdint.h>
| #endif
| #ifdef HAVE_UNISTD_H
| # include <unistd.h>
| #endif
| #include <malloc.h>
configure:12520: result: no
configure:12520: checking malloc.h presence
configure:12520: gcc -E -Os -force_cpusubtype_ALL -mmacosx-version-min=10.4 -arch i386 conftest.c
clang: warning: argument unused during compilation: '-force_cpusubtype_ALL'
conftest.c:36:10: fatal error: 'malloc.h' file not found
#include <malloc.h>
         ^
1 error generated.
configure:12520: $? = 1
configure: failed program was:
| /* confdefs.h */
| #define PACKAGE_NAME "libedit"
| #define PACKAGE_TARNAME "libedit-20140509"
| #define PACKAGE_VERSION "3.0"
| #define PACKAGE_STRING "libedit 3.0"
| #define PACKAGE_BUGREPORT ""
| #define PACKAGE_URL ""
| #define STDC_HEADERS 1
| #define HAVE_SYS_TYPES_H 1
| #define HAVE_SYS_STAT_H 1
| #define HAVE_STDLIB_H 1
| #define HAVE_STRING_H 1
| #define HAVE_MEMORY_H 1
| #define HAVE_STRINGS_H 1
| #define HAVE_INTTYPES_H 1
| #define HAVE_STDINT_H 1
| #define HAVE_UNISTD_H 1
| #define __EXTENSIONS__ 1
| #define _ALL_SOURCE 1
| #define _GNU_SOURCE 1
| #define _POSIX_PTHREAD_SEMANTICS 1
| #define _TANDEM_SOURCE 1
| #define PACKAGE "libedit-20140509"
| #define VERSION "3.0"
| #define HAVE_DLFCN_H 1
| #define LT_OBJDIR ".libs/"
| #define HAVE_LIBCURSES 1
| #define HAVE_ALLOCA_H 1
| #define HAVE_ALLOCA 1
| #define HAVE_DIRENT_H 1
| #define STDC_HEADERS 1
| #define HAVE_SYS_WAIT_H 1
| #define HAVE_FCNTL_H 1
| #define HAVE_LIMITS_H 1
| /* end confdefs.h.  */
| #include <malloc.h>
configure:12520: result: no
configure:12520: checking for malloc.h
configure:12520: result: no
configure:12520: checking for stdlib.h
configure:12520: result: yes
configure:12520: checking for string.h
configure:12520: result: yes
configure:12520: checking sys/ioctl.h usability
configure:12520: gcc -c -force_cpusubtype_ALL -mmacosx-version-min=10.4 -arch i386 -Os -force_cpusubtype_ALL -mmacosx-version-min=10.4 -arch i386 conftest.c >&5
configure:12520: $? = 0
configure:12520: result: yes
configure:12520: checking sys/ioctl.h presence
configure:12520: gcc -E -Os -force_cpusubtype_ALL -mmacosx-version-min=10.4 -arch i386 conftest.c
clang: warning: argument unused during compilation: '-force_cpusubtype_ALL'
configure:12520: $? = 0
configure:12520: result: yes
configure:12520: checking for sys/ioctl.h
configure:12520: result: yes
configure:12520: checking sys/param.h usability
configure:12520: gcc -c -force_cpusubtype_ALL -mmacosx-version-min=10.4 -arch i386 -Os -force_cpusubtype_ALL -mmacosx-version-min=10.4 -arch i386 conftest.c >&5
configure:12520: $? = 0
configure:12520: result: yes
configure:12520: checking sys/param.h presence
configure:12520: gcc -E -Os -force_cpusubtype_ALL -mmacosx-version-min=10.4 -arch i386 conftest.c
clang: warning: argument unused during compilation: '-force_cpusubtype_ALL'
configure:12520: $? = 0
configure:12520: result: yes
configure:12520: checking for sys/param.h
configure:12520: result: yes
configure:12520: checking for unistd.h
configure:12520: result: yes
configure:12520: checking curses.h usability
configure:12520: gcc -c -force_cpusubtype_ALL -mmacosx-version-min=10.4 -arch i386 -Os -force_cpusubtype_ALL -mmacosx-version-min=10.4 -arch i386 conftest.c >&5
configure:12520: $? = 0
configure:12520: result: yes
configure:12520: checking curses.h presence
configure:12520: gcc -E -Os -force_cpusubtype_ALL -mmacosx-version-min=10.4 -arch i386 conftest.c
clang: warning: argument unused during compilation: '-force_cpusubtype_ALL'
configure:12520: $? = 0
configure:12520: result: yes
configure:12520: checking for curses.h
configure:12520: result: yes
configure:12520: checking ncurses.h usability
configure:12520: gcc -c -force_cpusubtype_ALL -mmacosx-version-min=10.4 -arch i386 -Os -force_cpusubtype_ALL -mmacosx-version-min=10.4 -arch i386 conftest.c >&5
configure:12520: $? = 0
configure:12520: result: yes
configure:12520: checking ncurses.h presence
configure:12520: gcc -E -Os -force_cpusubtype_ALL -mmacosx-version-min=10.4 -arch i386 conftest.c
clang: warning: argument unused during compilation: '-force_cpusubtype_ALL'
configure:12520: $? = 0
configure:12520: result: yes
configure:12520: checking for ncurses.h
configure:12520: result: yes
configure:12520: checking sys/cdefs.h usability
configure:12520: gcc -c -force_cpusubtype_ALL -mmacosx-version-min=10.4 -arch i386 -Os -force_cpusubtype_ALL -mmacosx-version-min=10.4 -arch i386 conftest.c >&5
configure:12520: $? = 0
configure:12520: result: yes
configure:12520: checking sys/cdefs.h presence
configure:12520: gcc -E -Os -force_cpusubtype_ALL -mmacosx-version-min=10.4 -arch i386 conftest.c
clang: warning: argument unused during compilation: '-force_cpusubtype_ALL'
configure:12520: $? = 0
configure:12520: result: yes
configure:12520: checking for sys/cdefs.h
configure:12520: result: yes
configure:12531: checking termios.h usability
configure:12531: gcc -c -force_cpusubtype_ALL -mmacosx-version-min=10.4 -arch i386 -Os -force_cpusubtype_ALL -mmacosx-version-min=10.4 -arch i386 conftest.c >&5
configure:12531: $? = 0
configure:12531: result: yes
configure:12531: checking termios.h presence
configure:12531: gcc -E -Os -force_cpusubtype_ALL -mmacosx-version-min=10.4 -arch i386 conftest.c
clang: warning: argument unused during compilation: '-force_cpusubtype_ALL'
configure:12531: $? = 0
configure:12531: result: yes
configure:12531: checking for termios.h
configure:12531: result: yes
configure:12543: checking for term.h
configure:12543: gcc -c -force_cpusubtype_ALL -mmacosx-version-min=10.4 -arch i386 -Os -force_cpusubtype_ALL -mmacosx-version-min=10.4 -arch i386 conftest.c >&5
configure:12543: $? = 0
configure:12543: result: yes
configure:12561: checking for an ANSI C-conforming const
configure:12627: gcc -c -force_cpusubtype_ALL -mmacosx-version-min=10.4 -arch i386 -Os -force_cpusubtype_ALL -mmacosx-version-min=10.4 -arch i386 conftest.c >&5
configure:12627: $? = 0
configure:12634: result: yes
configure:12642: checking for pid_t
configure:12642: gcc -c -force_cpusubtype_ALL -mmacosx-version-min=10.4 -arch i386 -Os -force_cpusubtype_ALL -mmacosx-version-min=10.4 -arch i386 conftest.c >&5
configure:12642: $? = 0
configure:12642: gcc -c -force_cpusubtype_ALL -mmacosx-version-min=10.4 -arch i386 -Os -force_cpusubtype_ALL -mmacosx-version-min=10.4 -arch i386 conftest.c >&5
conftest.c:81:20: error: expected expression
if (sizeof ((pid_t)))
                   ^
1 error generated.
configure:12642: $? = 1
configure: failed program was:
| /* confdefs.h */
| #define PACKAGE_NAME "libedit"
| #define PACKAGE_TARNAME "libedit-20140509"
| #define PACKAGE_VERSION "3.0"
| #define PACKAGE_STRING "libedit 3.0"
| #define PACKAGE_BUGREPORT ""
| #define PACKAGE_URL ""
| #define STDC_HEADERS 1
| #define HAVE_SYS_TYPES_H 1
| #define HAVE_SYS_STAT_H 1
| #define HAVE_STDLIB_H 1
| #define HAVE_STRING_H 1
| #define HAVE_MEMORY_H 1
| #define HAVE_STRINGS_H 1
| #define HAVE_INTTYPES_H 1
| #define HAVE_STDINT_H 1
| #define HAVE_UNISTD_H 1
| #define __EXTENSIONS__ 1
| #define _ALL_SOURCE 1
| #define _GNU_SOURCE 1
| #define _POSIX_PTHREAD_SEMANTICS 1
| #define _TANDEM_SOURCE 1
| #define PACKAGE "libedit-20140509"
| #define VERSION "3.0"
| #define HAVE_DLFCN_H 1
| #define LT_OBJDIR ".libs/"
| #define HAVE_LIBCURSES 1
| #define HAVE_ALLOCA_H 1
| #define HAVE_ALLOCA 1
| #define HAVE_DIRENT_H 1
| #define STDC_HEADERS 1
| #define HAVE_SYS_WAIT_H 1
| #define HAVE_FCNTL_H 1
| #define HAVE_LIMITS_H 1
| #define HAVE_STDLIB_H 1
| #define HAVE_STRING_H 1
| #define HAVE_SYS_IOCTL_H 1
| #define HAVE_SYS_PARAM_H 1
| #define HAVE_UNISTD_H 1
| #define HAVE_CURSES_H 1
| #define HAVE_NCURSES_H 1
| #define HAVE_SYS_CDEFS_H 1
| #define HAVE_TERM_H 1
| /* end confdefs.h.  */
| #include <stdio.h>
| #ifdef HAVE_SYS_TYPES_H
| # include <sys/types.h>
| #endif
| #ifdef HAVE_SYS_STAT_H
| # include <sys/stat.h>
| #endif
| #ifdef STDC_HEADERS
| # include <stdlib.h>
| # include <stddef.h>
| #else
| # ifdef HAVE_STDLIB_H
| #  include <stdlib.h>
| # endif
| #endif
| #ifdef HAVE_STRING_H
| # if !defined STDC_HEADERS && defined HAVE_MEMORY_H
| #  include <memory.h>
| # endif
| # include <string.h>
| #endif
| #ifdef HAVE_STRINGS_H
| # include <strings.h>
| #endif
| #ifdef HAVE_INTTYPES_H
| # include <inttypes.h>
| #endif
| #ifdef HAVE_STDINT_H
| # include <stdint.h>
| #endif
| #ifdef HAVE_UNISTD_H
| # include <unistd.h>
| #endif
| int
| main ()
| {
| if (sizeof ((pid_t)))
| 	    return 0;
|   ;
|   return 0;
| }
configure:12642: result: yes
configure:12653: checking for size_t
configure:12653: result: yes
configure:12664: checking for u_int32_t
configure:12664: gcc -c -force_cpusubtype_ALL -mmacosx-version-min=10.4 -arch i386 -Os -force_cpusubtype_ALL -mmacosx-version-min=10.4 -arch i386 conftest.c >&5
configure:12664: $? = 0
configure:12664: gcc -c -force_cpusubtype_ALL -mmacosx-version-min=10.4 -arch i386 -Os -force_cpusubtype_ALL -mmacosx-version-min=10.4 -arch i386 conftest.c >&5
conftest.c:81:24: error: expected expression
if (sizeof ((u_int32_t)))
                       ^
1 error generated.
configure:12664: $? = 1
configure: failed program was:
| /* confdefs.h */
| #define PACKAGE_NAME "libedit"
| #define PACKAGE_TARNAME "libedit-20140509"
| #define PACKAGE_VERSION "3.0"
| #define PACKAGE_STRING "libedit 3.0"
| #define PACKAGE_BUGREPORT ""
| #define PACKAGE_URL ""
| #define STDC_HEADERS 1
| #define HAVE_SYS_TYPES_H 1
| #define HAVE_SYS_STAT_H 1
| #define HAVE_STDLIB_H 1
| #define HAVE_STRING_H 1
| #define HAVE_MEMORY_H 1
| #define HAVE_STRINGS_H 1
| #define HAVE_INTTYPES_H 1
| #define HAVE_STDINT_H 1
| #define HAVE_UNISTD_H 1
| #define __EXTENSIONS__ 1
| #define _ALL_SOURCE 1
| #define _GNU_SOURCE 1
| #define _POSIX_PTHREAD_SEMANTICS 1
| #define _TANDEM_SOURCE 1
| #define PACKAGE "libedit-20140509"
| #define VERSION "3.0"
| #define HAVE_DLFCN_H 1
| #define LT_OBJDIR ".libs/"
| #define HAVE_LIBCURSES 1
| #define HAVE_ALLOCA_H 1
| #define HAVE_ALLOCA 1
| #define HAVE_DIRENT_H 1
| #define STDC_HEADERS 1
| #define HAVE_SYS_WAIT_H 1
| #define HAVE_FCNTL_H 1
| #define HAVE_LIMITS_H 1
| #define HAVE_STDLIB_H 1
| #define HAVE_STRING_H 1
| #define HAVE_SYS_IOCTL_H 1
| #define HAVE_SYS_PARAM_H 1
| #define HAVE_UNISTD_H 1
| #define HAVE_CURSES_H 1
| #define HAVE_NCURSES_H 1
| #define HAVE_SYS_CDEFS_H 1
| #define HAVE_TERM_H 1
| /* end confdefs.h.  */
| #include <stdio.h>
| #ifdef HAVE_SYS_TYPES_H
| # include <sys/types.h>
| #endif
| #ifdef HAVE_SYS_STAT_H
| # include <sys/stat.h>
| #endif
| #ifdef STDC_HEADERS
| # include <stdlib.h>
| # include <stddef.h>
| #else
| # ifdef HAVE_STDLIB_H
| #  include <stdlib.h>
| # endif
| #endif
| #ifdef HAVE_STRING_H
| # if !defined STDC_HEADERS && defined HAVE_MEMORY_H
| #  include <memory.h>
| # endif
| # include <string.h>
| #endif
| #ifdef HAVE_STRINGS_H
| # include <strings.h>
| #endif
| #ifdef HAVE_INTTYPES_H
| # include <inttypes.h>
| #endif
| #ifdef HAVE_STDINT_H
| # include <stdint.h>
| #endif
| #ifdef HAVE_UNISTD_H
| # include <unistd.h>
| #endif
| int
| main ()
| {
| if (sizeof ((u_int32_t)))
| 	    return 0;
|   ;
|   return 0;
| }
configure:12664: result: yes
configure:12676: checking whether closedir returns void
configure:12700: gcc -o conftest -force_cpusubtype_ALL -mmacosx-version-min=10.4 -arch i386 -Os -force_cpusubtype_ALL -mmacosx-version-min=10.4 -arch i386 -force_cpusubtype_ALL -mmacosx-version-min=10.4 -arch i386 conftest.c -lcurses  >&5
configure:12700: $? = 0
configure:12700: ./conftest
configure:12700: $? = 0
configure:12710: result: no
configure:12720: checking vfork.h usability
configure:12720: gcc -c -force_cpusubtype_ALL -mmacosx-version-min=10.4 -arch i386 -Os -force_cpusubtype_ALL -mmacosx-version-min=10.4 -arch i386 conftest.c >&5
conftest.c:79:10: fatal error: 'vfork.h' file not found
#include <vfork.h>
         ^
1 error generated.
configure:12720: $? = 1
configure: failed program was:
| /* confdefs.h */
| #define PACKAGE_NAME "libedit"
| #define PACKAGE_TARNAME "libedit-20140509"
| #define PACKAGE_VERSION "3.0"
| #define PACKAGE_STRING "libedit 3.0"
| #define PACKAGE_BUGREPORT ""
| #define PACKAGE_URL ""
| #define STDC_HEADERS 1
| #define HAVE_SYS_TYPES_H 1
| #define HAVE_SYS_STAT_H 1
| #define HAVE_STDLIB_H 1
| #define HAVE_STRING_H 1
| #define HAVE_MEMORY_H 1
| #define HAVE_STRINGS_H 1
| #define HAVE_INTTYPES_H 1
| #define HAVE_STDINT_H 1
| #define HAVE_UNISTD_H 1
| #define __EXTENSIONS__ 1
| #define _ALL_SOURCE 1
| #define _GNU_SOURCE 1
| #define _POSIX_PTHREAD_SEMANTICS 1
| #define _TANDEM_SOURCE 1
| #define PACKAGE "libedit-20140509"
| #define VERSION "3.0"
| #define HAVE_DLFCN_H 1
| #define LT_OBJDIR ".libs/"
| #define HAVE_LIBCURSES 1
| #define HAVE_ALLOCA_H 1
| #define HAVE_ALLOCA 1
| #define HAVE_DIRENT_H 1
| #define STDC_HEADERS 1
| #define HAVE_SYS_WAIT_H 1
| #define HAVE_FCNTL_H 1
| #define HAVE_LIMITS_H 1
| #define HAVE_STDLIB_H 1
| #define HAVE_STRING_H 1
| #define HAVE_SYS_IOCTL_H 1
| #define HAVE_SYS_PARAM_H 1
| #define HAVE_UNISTD_H 1
| #define HAVE_CURSES_H 1
| #define HAVE_NCURSES_H 1
| #define HAVE_SYS_CDEFS_H 1
| #define HAVE_TERM_H 1
| #define HAVE_U_INT32_T 1
| /* end confdefs.h.  */
| #include <stdio.h>
| #ifdef HAVE_SYS_TYPES_H
| # include <sys/types.h>
| #endif
| #ifdef HAVE_SYS_STAT_H
| # include <sys/stat.h>
| #endif
| #ifdef STDC_HEADERS
| # include <stdlib.h>
| # include <stddef.h>
| #else
| # ifdef HAVE_STDLIB_H
| #  include <stdlib.h>
| # endif
| #endif
| #ifdef HAVE_STRING_H
| # if !defined STDC_HEADERS && defined HAVE_MEMORY_H
| #  include <memory.h>
| # endif
| # include <string.h>
| #endif
| #ifdef HAVE_STRINGS_H
| # include <strings.h>
| #endif
| #ifdef HAVE_INTTYPES_H
| # include <inttypes.h>
| #endif
| #ifdef HAVE_STDINT_H
| # include <stdint.h>
| #endif
| #ifdef HAVE_UNISTD_H
| # include <unistd.h>
| #endif
| #include <vfork.h>
configure:12720: result: no
configure:12720: checking vfork.h presence
configure:12720: gcc -E -Os -force_cpusubtype_ALL -mmacosx-version-min=10.4 -arch i386 conftest.c
clang: warning: argument unused during compilation: '-force_cpusubtype_ALL'
conftest.c:46:10: fatal error: 'vfork.h' file not found
#include <vfork.h>
         ^
1 error generated.
configure:12720: $? = 1
configure: failed program was:
| /* confdefs.h */
| #define PACKAGE_NAME "libedit"
| #define PACKAGE_TARNAME "libedit-20140509"
| #define PACKAGE_VERSION "3.0"
| #define PACKAGE_STRING "libedit 3.0"
| #define PACKAGE_BUGREPORT ""
| #define PACKAGE_URL ""
| #define STDC_HEADERS 1
| #define HAVE_SYS_TYPES_H 1
| #define HAVE_SYS_STAT_H 1
| #define HAVE_STDLIB_H 1
| #define HAVE_STRING_H 1
| #define HAVE_MEMORY_H 1
| #define HAVE_STRINGS_H 1
| #define HAVE_INTTYPES_H 1
| #define HAVE_STDINT_H 1
| #define HAVE_UNISTD_H 1
| #define __EXTENSIONS__ 1
| #define _ALL_SOURCE 1
| #define _GNU_SOURCE 1
| #define _POSIX_PTHREAD_SEMANTICS 1
| #define _TANDEM_SOURCE 1
| #define PACKAGE "libedit-20140509"
| #define VERSION "3.0"
| #define HAVE_DLFCN_H 1
| #define LT_OBJDIR ".libs/"
| #define HAVE_LIBCURSES 1
| #define HAVE_ALLOCA_H 1
| #define HAVE_ALLOCA 1
| #define HAVE_DIRENT_H 1
| #define STDC_HEADERS 1
| #define HAVE_SYS_WAIT_H 1
| #define HAVE_FCNTL_H 1
| #define HAVE_LIMITS_H 1
| #define HAVE_STDLIB_H 1
| #define HAVE_STRING_H 1
| #define HAVE_SYS_IOCTL_H 1
| #define HAVE_SYS_PARAM_H 1
| #define HAVE_UNISTD_H 1
| #define HAVE_CURSES_H 1
| #define HAVE_NCURSES_H 1
| #define HAVE_SYS_CDEFS_H 1
| #define HAVE_TERM_H 1
| #define HAVE_U_INT32_T 1
| /* end confdefs.h.  */
| #include <vfork.h>
configure:12720: result: no
configure:12720: checking for vfork.h
configure:12720: result: no
configure:12733: checking for fork
configure:12733: gcc -o conftest -force_cpusubtype_ALL -mmacosx-version-min=10.4 -arch i386 -Os -force_cpusubtype_ALL -mmacosx-version-min=10.4 -arch i386 -force_cpusubtype_ALL -mmacosx-version-min=10.4 -arch i386 conftest.c -lcurses  >&5
configure:12733: $? = 0
configure:12733: result: yes
configure:12733: checking for vfork
configure:12733: gcc -o conftest -force_cpusubtype_ALL -mmacosx-version-min=10.4 -arch i386 -Os -force_cpusubtype_ALL -mmacosx-version-min=10.4 -arch i386 -force_cpusubtype_ALL -mmacosx-version-min=10.4 -arch i386 conftest.c -lcurses  >&5
conftest.c:70:6: warning: incompatible redeclaration of library function 'vfork' [-Wincompatible-library-redeclaration]
char vfork ();
     ^
conftest.c:70:6: note: 'vfork' is a builtin with type 'int (void)'
1 warning generated.
configure:12733: $? = 0
configure:12733: result: yes
configure:12743: checking for working fork
configure:12765: gcc -o conftest -force_cpusubtype_ALL -mmacosx-version-min=10.4 -arch i386 -Os -force_cpusubtype_ALL -mmacosx-version-min=10.4 -arch i386 -force_cpusubtype_ALL -mmacosx-version-min=10.4 -arch i386 conftest.c -lcurses  >&5
configure:12765: $? = 0
configure:12765: ./conftest
configure:12765: $? = 0
configure:12775: result: yes
configure:12796: checking for working vfork
configure:12906: result: yes
configure:12932: checking whether gcc needs -traditional
clang: warning: argument unused during compilation: '-force_cpusubtype_ALL'
clang: warning: argument unused during compilation: '-force_cpusubtype_ALL'
conftest.c:50:10: fatal error: 'termio.h' file not found
#include <termio.h>
         ^
1 error generated.
configure:12966: result: no
configure:12976: checking return type of signal handlers
configure:12994: gcc -c -force_cpusubtype_ALL -mmacosx-version-min=10.4 -arch i386 -Os -force_cpusubtype_ALL -mmacosx-version-min=10.4 -arch i386 conftest.c >&5
conftest.c:56:8: error: indirection requires pointer operand ('void' invalid)
return *(signal (0, 0)) (0) == 1;
       ^~~~~~~~~~~~~~~~~~~~
1 error generated.
configure:12994: $? = 1
configure: failed program was:
| /* confdefs.h */
| #define PACKAGE_NAME "libedit"
| #define PACKAGE_TARNAME "libedit-20140509"
| #define PACKAGE_VERSION "3.0"
| #define PACKAGE_STRING "libedit 3.0"
| #define PACKAGE_BUGREPORT ""
| #define PACKAGE_URL ""
| #define STDC_HEADERS 1
| #define HAVE_SYS_TYPES_H 1
| #define HAVE_SYS_STAT_H 1
| #define HAVE_STDLIB_H 1
| #define HAVE_STRING_H 1
| #define HAVE_MEMORY_H 1
| #define HAVE_STRINGS_H 1
| #define HAVE_INTTYPES_H 1
| #define HAVE_STDINT_H 1
| #define HAVE_UNISTD_H 1
| #define __EXTENSIONS__ 1
| #define _ALL_SOURCE 1
| #define _GNU_SOURCE 1
| #define _POSIX_PTHREAD_SEMANTICS 1
| #define _TANDEM_SOURCE 1
| #define PACKAGE "libedit-20140509"
| #define VERSION "3.0"
| #define HAVE_DLFCN_H 1
| #define LT_OBJDIR ".libs/"
| #define HAVE_LIBCURSES 1
| #define HAVE_ALLOCA_H 1
| #define HAVE_ALLOCA 1
| #define HAVE_DIRENT_H 1
| #define STDC_HEADERS 1
| #define HAVE_SYS_WAIT_H 1
| #define HAVE_FCNTL_H 1
| #define HAVE_LIMITS_H 1
| #define HAVE_STDLIB_H 1
| #define HAVE_STRING_H 1
| #define HAVE_SYS_IOCTL_H 1
| #define HAVE_SYS_PARAM_H 1
| #define HAVE_UNISTD_H 1
| #define HAVE_CURSES_H 1
| #define HAVE_NCURSES_H 1
| #define HAVE_SYS_CDEFS_H 1
| #define HAVE_TERM_H 1
| #define HAVE_U_INT32_T 1
| #define HAVE_FORK 1
| #define HAVE_VFORK 1
| #define HAVE_WORKING_VFORK 1
| #define HAVE_WORKING_FORK 1
| /* end confdefs.h.  */
| #include <sys/types.h>
| #include <signal.h>
| 
| int
| main ()
| {
| return *(signal (0, 0)) (0) == 1;
|   ;
|   return 0;
| }
configure:13001: result: void
configure:13009: checking whether lstat correctly handles trailing slash
configure:13035: gcc -o conftest -force_cpusubtype_ALL -mmacosx-version-min=10.4 -arch i386 -Os -force_cpusubtype_ALL -mmacosx-version-min=10.4 -arch i386 -force_cpusubtype_ALL -mmacosx-version-min=10.4 -arch i386 conftest.c -lcurses  >&5
configure:13035: $? = 0
configure:13035: ./conftest
configure:13035: $? = 1
configure: program exited with status 1
configure: failed program was:
| /* confdefs.h */
| #define PACKAGE_NAME "libedit"
| #define PACKAGE_TARNAME "libedit-20140509"
| #define PACKAGE_VERSION "3.0"
| #define PACKAGE_STRING "libedit 3.0"
| #define PACKAGE_BUGREPORT ""
| #define PACKAGE_URL ""
| #define STDC_HEADERS 1
| #define HAVE_SYS_TYPES_H 1
| #define HAVE_SYS_STAT_H 1
| #define HAVE_STDLIB_H 1
| #define HAVE_STRING_H 1
| #define HAVE_MEMORY_H 1
| #define HAVE_STRINGS_H 1
| #define HAVE_INTTYPES_H 1
| #define HAVE_STDINT_H 1
| #define HAVE_UNISTD_H 1
| #define __EXTENSIONS__ 1
| #define _ALL_SOURCE 1
| #define _GNU_SOURCE 1
| #define _POSIX_PTHREAD_SEMANTICS 1
| #define _TANDEM_SOURCE 1
| #define PACKAGE "libedit-20140509"
| #define VERSION "3.0"
| #define HAVE_DLFCN_H 1
| #define LT_OBJDIR ".libs/"
| #define HAVE_LIBCURSES 1
| #define HAVE_ALLOCA_H 1
| #define HAVE_ALLOCA 1
| #define HAVE_DIRENT_H 1
| #define STDC_HEADERS 1
| #define HAVE_SYS_WAIT_H 1
| #define HAVE_FCNTL_H 1
| #define HAVE_LIMITS_H 1
| #define HAVE_STDLIB_H 1
| #define HAVE_STRING_H 1
| #define HAVE_SYS_IOCTL_H 1
| #define HAVE_SYS_PARAM_H 1
| #define HAVE_UNISTD_H 1
| #define HAVE_CURSES_H 1
| #define HAVE_NCURSES_H 1
| #define HAVE_SYS_CDEFS_H 1
| #define HAVE_TERM_H 1
| #define HAVE_U_INT32_T 1
| #define HAVE_FORK 1
| #define HAVE_VFORK 1
| #define HAVE_WORKING_VFORK 1
| #define HAVE_WORKING_FORK 1
| #define RETSIGTYPE void
| /* end confdefs.h.  */
| #include <stdio.h>
| #ifdef HAVE_SYS_TYPES_H
| # include <sys/types.h>
| #endif
| #ifdef HAVE_SYS_STAT_H
| # include <sys/stat.h>
| #endif
| #ifdef STDC_HEADERS
| # include <stdlib.h>
| # include <stddef.h>
| #else
| # ifdef HAVE_STDLIB_H
| #  include <stdlib.h>
| # endif
| #endif
| #ifdef HAVE_STRING_H
| # if !defined STDC_HEADERS && defined HAVE_MEMORY_H
| #  include <memory.h>
| # endif
| # include <string.h>
| #endif
| #ifdef HAVE_STRINGS_H
| # include <strings.h>
| #endif
| #ifdef HAVE_INTTYPES_H
| # include <inttypes.h>
| #endif
| #ifdef HAVE_STDINT_H
| # include <stdint.h>
| #endif
| #ifdef HAVE_UNISTD_H
| # include <unistd.h>
| #endif
| int
| main ()
| {
| struct stat sbuf;
|      /* Linux will dereference the symlink and fail, as required by POSIX.
| 	That is better in the sense that it means we will not
| 	have to compile and use the lstat wrapper.  */
|      return lstat ("conftest.sym/", &sbuf) == 0;
|   ;
|   return 0;
| }
configure:13052: result: no
configure:13071: checking whether stat accepts an empty string
configure:13091: gcc -o conftest -force_cpusubtype_ALL -mmacosx-version-min=10.4 -arch i386 -Os -force_cpusubtype_ALL -mmacosx-version-min=10.4 -arch i386 -force_cpusubtype_ALL -mmacosx-version-min=10.4 -arch i386 conftest.c -lcurses  >&5
configure:13091: $? = 0
configure:13091: ./conftest
configure:13091: $? = 0
configure:13101: result: no
configure:13120: checking for endpwent
configure:13120: gcc -o conftest -force_cpusubtype_ALL -mmacosx-version-min=10.4 -arch i386 -Os -force_cpusubtype_ALL -mmacosx-version-min=10.4 -arch i386 -force_cpusubtype_ALL -mmacosx-version-min=10.4 -arch i386 conftest.c -lcurses  >&5
configure:13120: $? = 0
configure:13120: result: yes
configure:13120: checking for isascii
configure:13120: gcc -o conftest -force_cpusubtype_ALL -mmacosx-version-min=10.4 -arch i386 -Os -force_cpusubtype_ALL -mmacosx-version-min=10.4 -arch i386 -force_cpusubtype_ALL -mmacosx-version-min=10.4 -arch i386 conftest.c -lcurses  >&5
configure:13120: $? = 0
configure:13120: result: yes
configure:13120: checking for memchr
configure:13120: gcc -o conftest -force_cpusubtype_ALL -mmacosx-version-min=10.4 -arch i386 -Os -force_cpusubtype_ALL -mmacosx-version-min=10.4 -arch i386 -force_cpusubtype_ALL -mmacosx-version-min=10.4 -arch i386 conftest.c -lcurses  >&5
conftest.c:76:6: warning: incompatible redeclaration of library function 'memchr' [-Wincompatible-library-redeclaration]
char memchr ();
     ^
conftest.c:76:6: note: 'memchr' is a builtin with type 'void *(const void *, int, unsigned long)'
1 warning generated.
configure:13120: $? = 0
configure:13120: result: yes
configure:13120: checking for memset
configure:13120: gcc -o conftest -force_cpusubtype_ALL -mmacosx-version-min=10.4 -arch i386 -Os -force_cpusubtype_ALL -mmacosx-version-min=10.4 -arch i386 -force_cpusubtype_ALL -mmacosx-version-min=10.4 -arch i386 conftest.c -lcurses  >&5
conftest.c:77:6: warning: incompatible redeclaration of library function 'memset' [-Wincompatible-library-redeclaration]
char memset ();
     ^
conftest.c:77:6: note: 'memset' is a builtin with type 'void *(void *, int, unsigned long)'
1 warning generated.
configure:13120: $? = 0
configure:13120: result: yes
configure:13120: checking for re_comp
configure:13120: gcc -o conftest -force_cpusubtype_ALL -mmacosx-version-min=10.4 -arch i386 -Os -force_cpusubtype_ALL -mmacosx-version-min=10.4 -arch i386 -force_cpusubtype_ALL -mmacosx-version-min=10.4 -arch i386 conftest.c -lcurses  >&5
Undefined symbols for architecture i386:
  "_re_comp", referenced from:
      _main in conftest-d6d14b.o
ld: symbol(s) not found for architecture i386
clang: error: linker command failed with exit code 1 (use -v to see invocation)
configure:13120: $? = 1
configure: failed program was:
| /* confdefs.h */
| #define PACKAGE_NAME "libedit"
| #define PACKAGE_TARNAME "libedit-20140509"
| #define PACKAGE_VERSION "3.0"
| #define PACKAGE_STRING "libedit 3.0"
| #define PACKAGE_BUGREPORT ""
| #define PACKAGE_URL ""
| #define STDC_HEADERS 1
| #define HAVE_SYS_TYPES_H 1
| #define HAVE_SYS_STAT_H 1
| #define HAVE_STDLIB_H 1
| #define HAVE_STRING_H 1
| #define HAVE_MEMORY_H 1
| #define HAVE_STRINGS_H 1
| #define HAVE_INTTYPES_H 1
| #define HAVE_STDINT_H 1
| #define HAVE_UNISTD_H 1
| #define __EXTENSIONS__ 1
| #define _ALL_SOURCE 1
| #define _GNU_SOURCE 1
| #define _POSIX_PTHREAD_SEMANTICS 1
| #define _TANDEM_SOURCE 1
| #define PACKAGE "libedit-20140509"
| #define VERSION "3.0"
| #define HAVE_DLFCN_H 1
| #define LT_OBJDIR ".libs/"
| #define HAVE_LIBCURSES 1
| #define HAVE_ALLOCA_H 1
| #define HAVE_ALLOCA 1
| #define HAVE_DIRENT_H 1
| #define STDC_HEADERS 1
| #define HAVE_SYS_WAIT_H 1
| #define HAVE_FCNTL_H 1
| #define HAVE_LIMITS_H 1
| #define HAVE_STDLIB_H 1
| #define HAVE_STRING_H 1
| #define HAVE_SYS_IOCTL_H 1
| #define HAVE_SYS_PARAM_H 1
| #define HAVE_UNISTD_H 1
| #define HAVE_CURSES_H 1
| #define HAVE_NCURSES_H 1
| #define HAVE_SYS_CDEFS_H 1
| #define HAVE_TERM_H 1
| #define HAVE_U_INT32_T 1
| #define HAVE_FORK 1
| #define HAVE_VFORK 1
| #define HAVE_WORKING_VFORK 1
| #define HAVE_WORKING_FORK 1
| #define RETSIGTYPE void
| #define HAVE_ENDPWENT 1
| #define HAVE_ISASCII 1
| #define HAVE_MEMCHR 1
| #define HAVE_MEMSET 1
| /* end confdefs.h.  */
| /* Define re_comp to an innocuous variant, in case <limits.h> declares re_comp.
|    For example, HP-UX 11i <limits.h> declares gettimeofday.  */
| #define re_comp innocuous_re_comp
| 
| /* System header to define __stub macros and hopefully few prototypes,
|     which can conflict with char re_comp (); below.
|     Prefer <limits.h> to <assert.h> if __STDC__ is defined, since
|     <limits.h> exists even on freestanding compilers.  */
| 
| #ifdef __STDC__
| # include <limits.h>
| #else
| # include <assert.h>
| #endif
| 
| #undef re_comp
| 
| /* Override any GCC internal prototype to avoid an error.
|    Use char because int might match the return type of a GCC
|    builtin and then its argument prototype would still apply.  */
| #ifdef __cplusplus
| extern "C"
| #endif
| char re_comp ();
| /* The GNU C library defines this for functions which it implements
|     to always fail with ENOSYS.  Some functions are actually named
|     something starting with __ and the normal name is an alias.  */
| #if defined __stub_re_comp || defined __stub___re_comp
| choke me
| #endif
| 
| int
| main ()
| {
| return re_comp ();
|   ;
|   return 0;
| }
configure:13120: result: no
configure:13120: checking for regcomp
configure:13120: gcc -o conftest -force_cpusubtype_ALL -mmacosx-version-min=10.4 -arch i386 -Os -force_cpusubtype_ALL -mmacosx-version-min=10.4 -arch i386 -force_cpusubtype_ALL -mmacosx-version-min=10.4 -arch i386 conftest.c -lcurses  >&5
configure:13120: $? = 0
configure:13120: result: yes
configure:13120: checking for strcasecmp
configure:13120: gcc -o conftest -force_cpusubtype_ALL -mmacosx-version-min=10.4 -arch i386 -Os -force_cpusubtype_ALL -mmacosx-version-min=10.4 -arch i386 -force_cpusubtype_ALL -mmacosx-version-min=10.4 -arch i386 conftest.c -lcurses  >&5
conftest.c:79:6: warning: incompatible redeclaration of library function 'strcasecmp' [-Wincompatible-library-redeclaration]
char strcasecmp ();
     ^
conftest.c:79:6: note: 'strcasecmp' is a builtin with type 'int (const char *, const char *)'
1 warning generated.
configure:13120: $? = 0
configure:13120: result: yes
configure:13120: checking for strchr
configure:13120: gcc -o conftest -force_cpusubtype_ALL -mmacosx-version-min=10.4 -arch i386 -Os -force_cpusubtype_ALL -mmacosx-version-min=10.4 -arch i386 -force_cpusubtype_ALL -mmacosx-version-min=10.4 -arch i386 conftest.c -lcurses  >&5
conftest.c:80:6: warning: incompatible redeclaration of library function 'strchr' [-Wincompatible-library-redeclaration]
char strchr ();
     ^
conftest.c:80:6: note: 'strchr' is a builtin with type 'char *(const char *, int)'
1 warning generated.
configure:13120: $? = 0
configure:13120: result: yes
configure:13120: checking for strcspn
configure:13120: gcc -o conftest -force_cpusubtype_ALL -mmacosx-version-min=10.4 -arch i386 -Os -force_cpusubtype_ALL -mmacosx-version-min=10.4 -arch i386 -force_cpusubtype_ALL -mmacosx-version-min=10.4 -arch i386 conftest.c -lcurses  >&5
conftest.c:81:6: warning: incompatible redeclaration of library function 'strcspn' [-Wincompatible-library-redeclaration]
char strcspn ();
     ^
conftest.c:81:6: note: 'strcspn' is a builtin with type 'unsigned long (const char *, const char *)'
1 warning generated.
configure:13120: $? = 0
configure:13120: result: yes
configure:13120: checking for strdup
configure:13120: gcc -o conftest -force_cpusubtype_ALL -mmacosx-version-min=10.4 -arch i386 -Os -force_cpusubtype_ALL -mmacosx-version-min=10.4 -arch i386 -force_cpusubtype_ALL -mmacosx-version-min=10.4 -arch i386 conftest.c -lcurses  >&5
conftest.c:82:6: warning: incompatible redeclaration of library function 'strdup' [-Wincompatible-library-redeclaration]
char strdup ();
     ^
conftest.c:82:6: note: 'strdup' is a builtin with type 'char *(const char *)'
1 warning generated.
configure:13120: $? = 0
configure:13120: result: yes
configure:13120: checking for strerror
configure:13120: gcc -o conftest -force_cpusubtype_ALL -mmacosx-version-min=10.4 -arch i386 -Os -force_cpusubtype_ALL -mmacosx-version-min=10.4 -arch i386 -force_cpusubtype_ALL -mmacosx-version-min=10.4 -arch i386 conftest.c -lcurses  >&5
conftest.c:83:6: warning: incompatible redeclaration of library function 'strerror' [-Wincompatible-library-redeclaration]
char strerror ();
     ^
conftest.c:83:6: note: 'strerror' is a builtin with type 'char *(int)'
1 warning generated.
configure:13120: $? = 0
configure:13120: result: yes
configure:13120: checking for strrchr
configure:13120: gcc -o conftest -force_cpusubtype_ALL -mmacosx-version-min=10.4 -arch i386 -Os -force_cpusubtype_ALL -mmacosx-version-min=10.4 -arch i386 -force_cpusubtype_ALL -mmacosx-version-min=10.4 -arch i386 conftest.c -lcurses  >&5
conftest.c:84:6: warning: incompatible redeclaration of library function 'strrchr' [-Wincompatible-library-redeclaration]
char strrchr ();
     ^
conftest.c:84:6: note: 'strrchr' is a builtin with type 'char *(const char *, int)'
1 warning generated.
configure:13120: $? = 0
configure:13120: result: yes
configure:13120: checking for strstr
configure:13120: gcc -o conftest -force_cpusubtype_ALL -mmacosx-version-min=10.4 -arch i386 -Os -force_cpusubtype_ALL -mmacosx-version-min=10.4 -arch i386 -force_cpusubtype_ALL -mmacosx-version-min=10.4 -arch i386 conftest.c -lcurses  >&5
conftest.c:85:6: warning: incompatible redeclaration of library function 'strstr' [-Wincompatible-library-redeclaration]
char strstr ();
     ^
conftest.c:85:6: note: 'strstr' is a builtin with type 'char *(const char *, const char *)'
1 warning generated.
configure:13120: $? = 0
configure:13120: result: yes
configure:13120: checking for strtol
configure:13120: gcc -o conftest -force_cpusubtype_ALL -mmacosx-version-min=10.4 -arch i386 -Os -force_cpusubtype_ALL -mmacosx-version-min=10.4 -arch i386 -force_cpusubtype_ALL -mmacosx-version-min=10.4 -arch i386 conftest.c -lcurses  >&5
configure:13120: $? = 0
configure:13120: result: yes
configure:13120: checking for issetugid
configure:13120: gcc -o conftest -force_cpusubtype_ALL -mmacosx-version-min=10.4 -arch i386 -Os -force_cpusubtype_ALL -mmacosx-version-min=10.4 -arch i386 -force_cpusubtype_ALL -mmacosx-version-min=10.4 -arch i386 conftest.c -lcurses  >&5
configure:13120: $? = 0
configure:13120: result: yes
configure:13120: checking for wcsdup
configure:13120: gcc -o conftest -force_cpusubtype_ALL -mmacosx-version-min=10.4 -arch i386 -Os -force_cpusubtype_ALL -mmacosx-version-min=10.4 -arch i386 -force_cpusubtype_ALL -mmacosx-version-min=10.4 -arch i386 conftest.c -lcurses  >&5
configure:13120: $? = 0
configure:13120: result: yes
configure:13130: checking whether getpwnam_r and getpwuid_r are posix like
configure:13149: gcc -o conftest -force_cpusubtype_ALL -mmacosx-version-min=10.4 -arch i386 -Os -force_cpusubtype_ALL -mmacosx-version-min=10.4 -arch i386 -force_cpusubtype_ALL -mmacosx-version-min=10.4 -arch i386 conftest.c -lcurses  >&5
configure:13149: $? = 0
configure:13153: result: yes
configure:13163: checking whether getpwnam_r and getpwuid_r are posix _draft_ like
configure:13182: gcc -o conftest -force_cpusubtype_ALL -mmacosx-version-min=10.4 -arch i386 -Os -force_cpusubtype_ALL -mmacosx-version-min=10.4 -arch i386 -force_cpusubtype_ALL -mmacosx-version-min=10.4 -arch i386 conftest.c -lcurses  >&5
conftest.c:73:39: error: too few arguments to function call, expected 5, have 4
getpwnam_r(NULL, NULL, NULL, (size_t)0);
~~~~~~~~~~                            ^
/usr/include/pwd.h:103:1: note: 'getpwnam_r' declared here
int              getpwnam_r(const char *, struct passwd *, char *, size_t, struct passwd **);
^
conftest.c:74:59: error: too few arguments to function call, expected 5, have 4
                getpwuid_r((uid_t)0, NULL, NULL, (size_t)0);
                ~~~~~~~~~~                                ^
/usr/include/pwd.h:102:1: note: 'getpwuid_r' declared here
int              getpwuid_r(uid_t, struct passwd *, char *, size_t, struct passwd **);
^
2 errors generated.
configure:13182: $? = 1
configure: failed program was:
| /* confdefs.h */
| #define PACKAGE_NAME "libedit"
| #define PACKAGE_TARNAME "libedit-20140509"
| #define PACKAGE_VERSION "3.0"
| #define PACKAGE_STRING "libedit 3.0"
| #define PACKAGE_BUGREPORT ""
| #define PACKAGE_URL ""
| #define STDC_HEADERS 1
| #define HAVE_SYS_TYPES_H 1
| #define HAVE_SYS_STAT_H 1
| #define HAVE_STDLIB_H 1
| #define HAVE_STRING_H 1
| #define HAVE_MEMORY_H 1
| #define HAVE_STRINGS_H 1
| #define HAVE_INTTYPES_H 1
| #define HAVE_STDINT_H 1
| #define HAVE_UNISTD_H 1
| #define __EXTENSIONS__ 1
| #define _ALL_SOURCE 1
| #define _GNU_SOURCE 1
| #define _POSIX_PTHREAD_SEMANTICS 1
| #define _TANDEM_SOURCE 1
| #define PACKAGE "libedit-20140509"
| #define VERSION "3.0"
| #define HAVE_DLFCN_H 1
| #define LT_OBJDIR ".libs/"
| #define HAVE_LIBCURSES 1
| #define HAVE_ALLOCA_H 1
| #define HAVE_ALLOCA 1
| #define HAVE_DIRENT_H 1
| #define STDC_HEADERS 1
| #define HAVE_SYS_WAIT_H 1
| #define HAVE_FCNTL_H 1
| #define HAVE_LIMITS_H 1
| #define HAVE_STDLIB_H 1
| #define HAVE_STRING_H 1
| #define HAVE_SYS_IOCTL_H 1
| #define HAVE_SYS_PARAM_H 1
| #define HAVE_UNISTD_H 1
| #define HAVE_CURSES_H 1
| #define HAVE_NCURSES_H 1
| #define HAVE_SYS_CDEFS_H 1
| #define HAVE_TERM_H 1
| #define HAVE_U_INT32_T 1
| #define HAVE_FORK 1
| #define HAVE_VFORK 1
| #define HAVE_WORKING_VFORK 1
| #define HAVE_WORKING_FORK 1
| #define RETSIGTYPE void
| #define HAVE_ENDPWENT 1
| #define HAVE_ISASCII 1
| #define HAVE_MEMCHR 1
| #define HAVE_MEMSET 1
| #define HAVE_REGCOMP 1
| #define HAVE_STRCASECMP 1
| #define HAVE_STRCHR 1
| #define HAVE_STRCSPN 1
| #define HAVE_STRDUP 1
| #define HAVE_STRERROR 1
| #define HAVE_STRRCHR 1
| #define HAVE_STRSTR 1
| #define HAVE_STRTOL 1
| #define HAVE_ISSETUGID 1
| #define HAVE_WCSDUP 1
| #define HAVE_GETPW_R_POSIX 1
| /* end confdefs.h.  */
| #include <stdlib.h>
|                 #include <sys/types.h>
|                 #include <pwd.h>
| int
| main ()
| {
| getpwnam_r(NULL, NULL, NULL, (size_t)0);
|                 getpwuid_r((uid_t)0, NULL, NULL, (size_t)0);
|   ;
|   return 0;
| }
configure:13189: result: no
configure:13310: checking that generated files are newer than configure
configure:13316: result: done
configure:13343: creating ./config.status

## ---------------------- ##
## Running config.status. ##
## ---------------------- ##

This file was extended by libedit config.status 3.0, which was
generated by GNU Autoconf 2.69.  Invocation command line was

  CONFIG_FILES    = 
  CONFIG_HEADERS  = 
  CONFIG_LINKS    = 
  CONFIG_COMMANDS = 
  $ ./config.status 

on Sheenas-Air.home

config.status:1131: creating Makefile
config.status:1131: creating libedit.pc
config.status:1131: creating src/Makefile
config.status:1131: creating doc/Makefile
config.status:1131: creating examples/Makefile
config.status:1131: creating config.h
config.status:1360: executing depfiles commands
config.status:1360: executing libtool commands

## ---------------- ##
## Cache variables. ##
## ---------------- ##

ac_cv_build=x86_64-apple-darwin14.0.0
ac_cv_c_compiler_gnu=yes
ac_cv_c_const=yes
ac_cv_env_CC_set=
ac_cv_env_CC_value=
ac_cv_env_CFLAGS_set=set
ac_cv_env_CFLAGS_value='-force_cpusubtype_ALL -mmacosx-version-min=10.4 -arch i386'
ac_cv_env_CPPFLAGS_set=set
ac_cv_env_CPPFLAGS_value='-Os -force_cpusubtype_ALL -mmacosx-version-min=10.4 -arch i386'
ac_cv_env_CPP_set=
ac_cv_env_CPP_value=
ac_cv_env_LDFLAGS_set=set
ac_cv_env_LDFLAGS_value='-force_cpusubtype_ALL -mmacosx-version-min=10.4 -arch i386'
ac_cv_env_LIBS_set=
ac_cv_env_LIBS_value=
ac_cv_env_build_alias_set=
ac_cv_env_build_alias_value=
ac_cv_env_host_alias_set=
ac_cv_env_host_alias_value=
ac_cv_env_target_alias_set=
ac_cv_env_target_alias_value=
ac_cv_func_alloca_works=yes
ac_cv_func_closedir_void=no
ac_cv_func_endpwent=yes
ac_cv_func_fork=yes
ac_cv_func_fork_works=yes
ac_cv_func_isascii=yes
ac_cv_func_issetugid=yes
ac_cv_func_lstat_dereferences_slashed_symlink=no
ac_cv_func_memchr=yes
ac_cv_func_memset=yes
ac_cv_func_re_comp=no
ac_cv_func_regcomp=yes
ac_cv_func_stat_empty_string_bug=no
ac_cv_func_strcasecmp=yes
ac_cv_func_strchr=yes
ac_cv_func_strcspn=yes
ac_cv_func_strdup=yes
ac_cv_func_strerror=yes
ac_cv_func_strrchr=yes
ac_cv_func_strstr=yes
ac_cv_func_strtol=yes
ac_cv_func_vfork=yes
ac_cv_func_vfork_works=yes
ac_cv_func_wcsdup=yes
ac_cv_header_curses_h=yes
ac_cv_header_dirent_dirent_h=yes
ac_cv_header_dlfcn_h=yes
ac_cv_header_fcntl_h=yes
ac_cv_header_inttypes_h=yes
ac_cv_header_limits_h=yes
ac_cv_header_malloc_h=no
ac_cv_header_memory_h=yes
ac_cv_header_minix_config_h=no
ac_cv_header_ncurses_h=yes
ac_cv_header_stdc=yes
ac_cv_header_stdint_h=yes
ac_cv_header_stdlib_h=yes
ac_cv_header_string_h=yes
ac_cv_header_strings_h=yes
ac_cv_header_sys_cdefs_h=yes
ac_cv_header_sys_ioctl_h=yes
ac_cv_header_sys_param_h=yes
ac_cv_header_sys_stat_h=yes
ac_cv_header_sys_types_h=yes
ac_cv_header_sys_wait_h=yes
ac_cv_header_term_h=yes
ac_cv_header_termios_h=yes
ac_cv_header_unistd_h=yes
ac_cv_header_vfork_h=no
ac_cv_host=x86_64-apple-darwin14.0.0
ac_cv_lib_curses_tgetent=yes
ac_cv_objext=o
ac_cv_path_EGREP='/usr/bin/grep -E'
ac_cv_path_FGREP='/usr/bin/grep -F'
ac_cv_path_GREP=/usr/bin/grep
ac_cv_path_NROFF=/usr/bin/nroff
ac_cv_path_SED=/usr/bin/sed
ac_cv_path_install='/usr/bin/install -c'
ac_cv_prog_AWK=awk
ac_cv_prog_CPP='gcc -E'
ac_cv_prog_ac_ct_AR=ar
ac_cv_prog_ac_ct_CC=gcc
ac_cv_prog_ac_ct_DSYMUTIL=dsymutil
ac_cv_prog_ac_ct_LIPO=lipo
ac_cv_prog_ac_ct_NMEDIT=nmedit
ac_cv_prog_ac_ct_OTOOL=otool
ac_cv_prog_ac_ct_RANLIB=ranlib
ac_cv_prog_ac_ct_STRIP=strip
ac_cv_prog_cc_c89=
ac_cv_prog_cc_c99=
ac_cv_prog_cc_g=yes
ac_cv_prog_gcc_traditional=no
ac_cv_prog_make_make_set=yes
ac_cv_safe_to_define___extensions__=yes
ac_cv_search_opendir='none required'
ac_cv_type_pid_t=yes
ac_cv_type_signal=void
ac_cv_type_size_t=yes
ac_cv_type_u_int32_t=yes
ac_cv_working_alloca_h=yes
am_cv_CC_dependencies_compiler_type=none
am_cv_make_support_nested_variables=yes
am_cv_prog_cc_c_o=yes
lt_cv_apple_cc_single_mod=yes
lt_cv_ar_at_file=no
lt_cv_deplibs_check_method=pass_all
lt_cv_file_magic_cmd='$MAGIC_CMD'
lt_cv_file_magic_test_file=
lt_cv_ld_exported_symbols_list=yes
lt_cv_ld_force_load=yes
lt_cv_ld_reload_flag=-r
lt_cv_nm_interface='BSD nm'
lt_cv_objdir=.libs
lt_cv_path_LD=/Applications/Xcode.app/Contents/Developer/Toolchains/XcodeDefault.xctoolchain/usr/bin/ld
lt_cv_path_NM=/usr/bin/nm
lt_cv_path_mainfest_tool=no
lt_cv_prog_compiler_c_o=yes
lt_cv_prog_compiler_pic='-fno-common -DPIC'
lt_cv_prog_compiler_pic_works=yes
lt_cv_prog_compiler_rtti_exceptions=yes
lt_cv_prog_compiler_static_works=no
lt_cv_prog_gnu_ld=no
lt_cv_sharedlib_from_linklib_cmd='printf %s\n'
lt_cv_sys_global_symbol_pipe='sed -n -e '\''s/^.*[	 ]\([BCDEGRST][BCDEGRST]*\)[	 ][	 ]*_\([_A-Za-z][_A-Za-z0-9]*\)$/\1 _\2 \2/p'\'' | sed '\''/ __gnu_lto/d'\'''
lt_cv_sys_global_symbol_to_c_name_address='sed -n -e '\''s/^: \([^ ]*\)[ ]*$/  {\"\1\", (void *) 0},/p'\'' -e '\''s/^[BCDEGRST]* \([^ ]*\) \([^ ]*\)$/  {"\2", (void *) \&\2},/p'\'''
lt_cv_sys_global_symbol_to_c_name_address_lib_prefix='sed -n -e '\''s/^: \([^ ]*\)[ ]*$/  {\"\1\", (void *) 0},/p'\'' -e '\''s/^[BCDEGRST]* \([^ ]*\) \(lib[^ ]*\)$/  {"\2", (void *) \&\2},/p'\'' -e '\''s/^[BCDEGRST]* \([^ ]*\) \([^ ]*\)$/  {"lib\2", (void *) \&\2},/p'\'''
lt_cv_sys_global_symbol_to_cdecl='sed -n -e '\''s/^T .* \(.*\)$/extern int \1();/p'\'' -e '\''s/^[BCDEGRST]* .* \(.*\)$/extern char \1;/p'\'''
lt_cv_sys_max_cmd_len=196608
lt_cv_to_host_file_cmd=func_convert_file_noop
lt_cv_to_tool_file_cmd=func_convert_file_noop

## ----------------- ##
## Output variables. ##
## ----------------- ##

ACLOCAL='aclocal-1.14'
ALLOCA=''
AMDEPBACKSLASH=''
AMDEP_FALSE=''
AMDEP_TRUE='#'
AMTAR='$${TAR-tar}'
AM_BACKSLASH='\'
AM_DEFAULT_V='$(AM_DEFAULT_VERBOSITY)'
AM_DEFAULT_VERBOSITY='0'
AM_V='$(V)'
AR='ar'
AUTOCONF='autoconf'
AUTOHEADER='autoheader'
AUTOMAKE='automake-1.14'
AWK='awk'
CC='gcc'
CCDEPMODE='depmode=none'
CFLAGS='-force_cpusubtype_ALL -mmacosx-version-min=10.4 -arch i386'
CPP='gcc -E'
CPPFLAGS='-Os -force_cpusubtype_ALL -mmacosx-version-min=10.4 -arch i386'
CYGPATH_W='echo'
DEFS='-DHAVE_CONFIG_H'
DEPDIR='.deps'
DLLTOOL='false'
DSYMUTIL='dsymutil'
DUMPBIN=''
ECHO_C='\c'
ECHO_N=''
ECHO_T=''
EGREP='/usr/bin/grep -E'
EXEEXT=''
FGREP='/usr/bin/grep -F'
GREP='/usr/bin/grep'
INSTALL_DATA='${INSTALL} -m 644'
INSTALL_PROGRAM='${INSTALL}'
INSTALL_SCRIPT='${INSTALL}'
INSTALL_STRIP_PROGRAM='$(install_sh) -c -s'
LD='/Applications/Xcode.app/Contents/Developer/Toolchains/XcodeDefault.xctoolchain/usr/bin/ld'
LDFLAGS='-force_cpusubtype_ALL -mmacosx-version-min=10.4 -arch i386'
LIBOBJS=' ${LIBOBJDIR}lstat$U.o'
LIBS='-lcurses '
LIBTOOL='$(SHELL) $(top_builddir)/libtool'
LIPO='lipo'
LN_S='ln -s'
LTLIBOBJS=' ${LIBOBJDIR}lstat$U.lo'
LT_VERSION='0:35:0'
MAKEINFO='makeinfo'
MANIFEST_TOOL=':'
MANTYPE='mdoc'
MKDIR_P='./install-sh -c -d'
NM='/usr/bin/nm'
NMEDIT='nmedit'
NROFF='/usr/bin/nroff'
OBJDUMP='false'
OBJEXT='o'
OTOOL64=':'
OTOOL='otool'
PACKAGE='libedit-20140509'
PACKAGE_BUGREPORT=''
PACKAGE_NAME='libedit'
PACKAGE_STRING='libedit 3.0'
PACKAGE_TARNAME='libedit-20140509'
PACKAGE_URL=''
PACKAGE_VERSION='3.0'
PATH_SEPARATOR=':'
RANLIB='ranlib'
SED='/usr/bin/sed'
SET_MAKE=''
SHELL='/bin/sh'
STRIP='strip'
VERSION='3.0'
WIDECHAR_FALSE=''
WIDECHAR_TRUE='#'
ac_ct_AR='ar'
ac_ct_CC='gcc'
ac_ct_DUMPBIN=''
am__EXEEXT_FALSE=''
am__EXEEXT_TRUE='#'
am__fastdepCC_FALSE=''
am__fastdepCC_TRUE='#'
am__include='include'
am__isrc=''
am__leading_dot='.'
am__nodep=''
am__quote=''
am__tar='$${TAR-tar} chof - "$$tardir"'
am__untar='$${TAR-tar} xf -'
bindir='${exec_prefix}/bin'
build='x86_64-apple-darwin14.0.0'
build_alias=''
build_cpu='x86_64'
build_os='darwin14.0.0'
build_vendor='apple'
datadir='${datarootdir}'
datarootdir='${prefix}/share'
docdir='${datarootdir}/doc/${PACKAGE_TARNAME}'
dvidir='${docdir}'
exec_prefix='${prefix}'
host='x86_64-apple-darwin14.0.0'
host_alias=''
host_cpu='x86_64'
host_os='darwin14.0.0'
host_vendor='apple'
htmldir='${docdir}'
includedir='${prefix}/include'
infodir='${datarootdir}/info'
install_sh='${SHELL} /Users/sheena/install-sh'
libdir='${exec_prefix}/lib'
libexecdir='${exec_prefix}/libexec'
localedir='${datarootdir}/locale'
localstatedir='${prefix}/var'
mandir='${datarootdir}/man'
mkdir_p='$(MKDIR_P)'
oldincludedir='/usr/include'
pdfdir='${docdir}'
prefix='/usr/local'
program_transform_name='s,x,x,'
psdir='${docdir}'
sbindir='${exec_prefix}/sbin'
sharedstatedir='${prefix}/com'
sysconfdir='${prefix}/etc'
target_alias=''

## ----------- ##
## confdefs.h. ##
## ----------- ##

/* confdefs.h */
#define PACKAGE_NAME "libedit"
#define PACKAGE_TARNAME "libedit-20140509"
#define PACKAGE_VERSION "3.0"
#define PACKAGE_STRING "libedit 3.0"
#define PACKAGE_BUGREPORT ""
#define PACKAGE_URL ""
#define STDC_HEADERS 1
#define HAVE_SYS_TYPES_H 1
#define HAVE_SYS_STAT_H 1
#define HAVE_STDLIB_H 1
#define HAVE_STRING_H 1
#define HAVE_MEMORY_H 1
#define HAVE_STRINGS_H 1
#define HAVE_INTTYPES_H 1
#define HAVE_STDINT_H 1
#define HAVE_UNISTD_H 1
#define __EXTENSIONS__ 1
#define _ALL_SOURCE 1
#define _GNU_SOURCE 1
#define _POSIX_PTHREAD_SEMANTICS 1
#define _TANDEM_SOURCE 1
#define PACKAGE "libedit-20140509"
#define VERSION "3.0"
#define HAVE_DLFCN_H 1
#define LT_OBJDIR ".libs/"
#define HAVE_LIBCURSES 1
#define HAVE_ALLOCA_H 1
#define HAVE_ALLOCA 1
#define HAVE_DIRENT_H 1
#define STDC_HEADERS 1
#define HAVE_SYS_WAIT_H 1
#define HAVE_FCNTL_H 1
#define HAVE_LIMITS_H 1
#define HAVE_STDLIB_H 1
#define HAVE_STRING_H 1
#define HAVE_SYS_IOCTL_H 1
#define HAVE_SYS_PARAM_H 1
#define HAVE_UNISTD_H 1
#define HAVE_CURSES_H 1
#define HAVE_NCURSES_H 1
#define HAVE_SYS_CDEFS_H 1
#define HAVE_TERM_H 1
#define HAVE_U_INT32_T 1
#define HAVE_FORK 1
#define HAVE_VFORK 1
#define HAVE_WORKING_VFORK 1
#define HAVE_WORKING_FORK 1
#define RETSIGTYPE void
#define HAVE_ENDPWENT 1
#define HAVE_ISASCII 1
#define HAVE_MEMCHR 1
#define HAVE_MEMSET 1
#define HAVE_REGCOMP 1
#define HAVE_STRCASECMP 1
#define HAVE_STRCHR 1
#define HAVE_STRCSPN 1
#define HAVE_STRDUP 1
#define HAVE_STRERROR 1
#define HAVE_STRRCHR 1
#define HAVE_STRSTR 1
#define HAVE_STRTOL 1
#define HAVE_ISSETUGID 1
#define HAVE_WCSDUP 1
#define HAVE_GETPW_R_POSIX 1

configure: exit 0
